47326
89995
14000
1020
2326
17513
92791
11533
31255
5980
7
36217
7993
1996
60243
8711
1144
1291
64112
61550
3275
85
1209
34215
1
17385
49111
24684
34286
30436
25499
35271
19517
64441
47022
14815
1259
25258
36269
4329
10926
13925
5386
38901
3997
9328
30022
9056
5956
1432
37878
17946
3942
32160
66876
7862
47156
54841
1311
20285
11976
77281
41810
13187
2354
35869
32169
30997
17256
6967
31504
63252
6121
305
47438
41635
54401
3666
60232
98221
16261
20595
41335
31456
2865
48595
29476
1137
30136
14932
4640
17751
70801
8516
49724
4509
17963
29961
11141
9604
54069
39553
65539
14751
25283
25286
34997
24956
8313
47128
13041
30945
44883
9421
9785
14256
6229
20439
57488
5826
15521
12768
79535
45205
486
15247
56330
6555
8837
37177
65334
17819
884
40462
1011
31474
74420
69652
11379
37055
43473
15300
2843
2395
7243
57569
14944
2188
30964
13987
30509
26394
1449
48638
6232
33283
32435
65986
18609
47851
26253
18496
41344
1673
18119
29916
63298
61336
2660
56330
2246
698
58501
28168
36089
39934
22148
18401
61596
87634
2289
23926
21897
6699
29316
31361
67583
571
2954
66541
53791
10377
3006
497
7833
60847
1114
4739
63337
23174
45111
141
8131
54181
20040
10787
2811
12295
52564
26865
12786
45527
2747
18803
6541
9600
18252
16015
894
7480
67745
10840
30346
18571
31945
8098
9885
7889
8441
4699
16981
41674
1796
54035
11831
9973
1534
1071
44709
21
17772
3111
17419
25578
8088
6125
20290
48523
46436
59109
48742
20336
19457
1752
59017
26734
71734
78600
64310
33530
35165
61349
59008
3520
30263
27505
21775
37179
27151
833
38198
5186
61498
19433
31297
89527
3270
16415
61743
8416
22380
645
43051
45722
3217
3796
44499
13559
42645
12114
15016
32341
61089
27917
6451
63757
15168
14966
17072
902
25905
23657
51055
18769
17664
13609
16847
1756
51379
945
13081
44399
36270
25121
1842
8672
1
1537
46288
8605
47879
7455
2134
32338
20003
22273
2706
5004
33009
50288
937
35576
23808
7092
64856
9106
74017
13581
36285
21014
13456
42625
17119
7913
24005
6493
3825
14164
10527
24988
28027
4654
496
67369
3296
11873
59536
7029
16069
23692
16497
36485
9159
15935
10247
10648
8537
6769
25976
186
27556
10886
5876
6175
37794
14872
75280
23147
48109
10359
4874
71119
4225
6234
30462
77711
21070
4752
38748
12646
1305
21710
47401
84404
1145
7289
41950
812
20372
50037
5111
3294
13255
38408
3521
24827
6925
36073
694
2171
18654
30880
16930
75409
27648
2920
9993
75436
10604
5806
8242
4891
1596
23997
61530
3494
41885
64763
1063
19878
12088
20692
278
16
6134
7022
7252
13732
13528
33284
8955
54687
18980
1892
44897
5978
11681
19525
5897
48961
58847
23652
14633
2782
685
57913
11516
34317
9556
6748
14209
2645
10503
46251
226
3299
20917
63292
13406
15730
28381
7356
71799
63228
28561
67864
40185
139
41209
45421
73720
22823
22566
27665
74979
40277
83637
1089
78308
22045
21244
4940
12840
45186
58381
1129
34971
41850
13941
8459
10363
45036
7761
53631
5791
27654
20091
1794
68205
66205
57120
1032
13041
20029
14986
14883
48711
243
41046
27716
9026
42629
49257
93
62470
24295
26354
4285
14210
11614
65516
2914
10867
28328
8057
43840
45229
15883
10669
3293
21385
15238
5476
4429
36813
69709
34041
20745
2642
33646
31121
43072
10901
2601
549
18291
2801
24330
23861
31703
36436
54095
41655
49841
33615
70438
22082
21659
3168
1002
846
8672
6007
20635
57957
2923
9722
11551
21293
65039
44050
5239
27341
4358
6195
1
59184
1697
65871
3845
11302
19541
21479
34928
2492
24715
6447
45791
6297
46855
53476
5795
49589
5468
29066
8266
6517
51313
12295
3969
6062
19793
21724
76645
25117
11401
144
14738
6000
26854
41427
91942
69762
1477
62134
14677
24047
16166
15376
4753
53881
991
32031
1
3893
3673
1
41198
12224
143
35041
18122
14139
21069
45655
28090
62677
9157
54394
82553
23701
14525
7192
1431
106
39082
10791
5254
1615
82378
65892
33856
39816
33864
51336
17244
5872
542
14104
5326
21343
21618
40153
4351
44506
47269
36410
11649
4893
17723
19501
24211
8854
2394
2344
5666
67969
1494
8412
36876
6696
9721
13011
76921
9434
2545
29953
31705
2276
10684
28199
2224
9594
9349
22646
58165
28100
26656
15331
26073
40752
50506
17889
2463
12385
6810
3867
32059
6772
837
4289
33007
39023
49290
29410
3494
2217
12982
30536
5948
58775
5761
19449
2147
10763
36913
8485
247
43819
24851
70978
8476
347
61825
33597
1680
7821
29997
65097
24856
53709
255
57134
21087
2421
283
20701
12937
137
2752
8521
3393
64582
27031
16645
21015
12906
11269
32258
2295
36587
16683
6257
2102
5688
26301
305
24167
24495
10948
4967
27555
36516
24408
86074
3269
3804
26781
32922
18049
13054
72736
22973
32400
42638
14686
75431
23489
31705
461
19091
57388
11178
1
3350
57941
165
28012
9706
3124
11
43955
6046
66552
1056
3754
15535
41
83006
32166
1798
3421
54957
64
55951
5625
20321
4877
64
15796
8826
10389
53769
3976
27331
3897
132
5346
56353
22615
32142
47573
2059
84310
52643
37570
88138
74561
21687
9617
1
21880
4199
51929
10989
21871
13400
4687
3394
3620
26675
8401
54393
27873
1818
18319
2656
20617
40761
4993
53341
22201
44545
14591
42393
88831
36739
17871
33525
548
9809
14796
16186
27211
30712
11780
10675
29032
3217
32165
13837
37018
8608
62934
43705
48557
8909
68349
21010
202
9585
94399
4201
55323
0
20977
32557
14763
45425
1379
12948
575
78071
55706
41724
33263
4483
16045
12854
62131
16136
916
12281
13735
78725
69381
17183
9572
14777
12525
19824
29977
17634
181
31956
48049
34644
16317
33697
4181
8875
11566
14553
22212
10561
6112
68601
33202
835
44373
36216
181
30391
2241
12972
45288
22879
1809
2173
5749
8061
13477
13553
11521
4226
36661
11901
31081
88984
898
60021
47457
65018
2973
4800
5106
35500
37072
53837
61041
3587
9010
1825
27406
1117
2389
6781
395
14816
7328
30682
18385
11037
15118
2844
30477
17251
4756
37585
13281
