2128583
7073473
6188812
7256181
8327506
429806
8818174
163722
3179562
1062081
169633
8069659
4973566
9524608
1504445
4308617
2405477
910842
14120340
7891696
15994
16882043
9556311
16848
2342655
372589
2499786
1703676
373785
6347053
800204
3612709
8853113
1133424
138398
4496401
3876623
552180
3225404
2599384
1168691
2634587
1518693
16758950
6899173
2434322
4402379
5835475
757403
10164711
7435066
5403771
3324030
172375
8153813
13114944
6035305
4508999
1445184
10836873
5701037
7868793
4453483
2143482
2082365
193974
5431894
6083936
15754564
962128
2777010
511245
2640736
2079294
1891538
9270801
4791291
2266214
15424919
2612620
3172307
2622094
655272
9898329
8127424
11345237
4248529
17193989
13561020
5060377
13896333
13050825
262336
141344
6919121
2220462
10469549
8295496
3955483
5047519
67131
1925111
1957316
13841435
4747599
129773
638392
12327007
2426686
1089415
11235257
324212
12864090
9958654
264226
9811329
2738381
3228462
11475091
1191802
106655
3293514
95698
4710687
3138746
3643018
1165993
16469082
2976732
6624000
16443351
1060001
5317365
11452486
5002362
10869261
243361
11217651
5332852
5779562
12738110
9850764
227671
6423723
10868000
12257837
2047215
56766
3012059
1998421
2492961
2251664
2248389
964010
7684840
14172886
15482892
445458
8380722
5899797
2981451
922310
13351313
2804836
6232401
5273878
4930057
4757693
8391636
10150793
837791
3547906
9021731
11414866
4449264
16023509
8573950
8346353
4438736
13154560
3098723
2825950
495497
303400
3764990
17740656
1447045
294208
5527139
1525052
8927568
6389672
1624403
3103756
8868954
1270901
652999
150776
6468821
3405416
3697001
11379159
1662068
110308
251210
2333296
749851
7000035
167569
2607164
440903
9403916
563481
360214
1726679
991078
4048752
350140
6599633
5403953
289453
116718
7842953
9455334
6465264
103804
279197
1154631
8099393
2675531
596701
2685089
5532052
2009800
5112126
2298597
5457697
54759
1757470
14342776
11520579
12990996
987370
12468520
5106118
2507610
487320
202623
2977011
486638
602431
1025730
14818896
1401931
12183100
1913922
17506846
14851125
8611719
6581485
327276
2299712
2212251
8545696
10181221
2897834
13474955
222863
8812541
409886
7448058
1416725
10929157
9231971
1927028
4296296
7290470
1077056
3591388
11926053
4516394
1614077
646576
2950900
5778937
13130188
4640581
4286108
8382123
8193769
4009648
13414124
6615664
4359020
1941608
1038356
11104570
6764227
992415
1446764
1838609
3962371
71835
4546993
434808
4582187
2126466
8112440
714689
3065338
2540060
2725390
25579
6392287
10780250
3387161
3024312
13439216
6632388
585800
4298312
194129
2708044
6907273
3030296
11314240
16106155
198275
5996572
9935416
3981428
1649345
9796566
947649
14933548
1251735
820300
11407442
17858560
794548
498447
363260
1371631
7556724
9661156
3866173
7980398
7208912
4899244
1057146
7479480
6948464
14837631
1702962
13715308
616708
13748449
2164183
1560
3900238
2357883
8149156
6561937
9718509
13331893
706697
12681043
7158496
5865250
7304672
1228609
468814
7187064
16210106
12098807
3262840
2190631
437811
362312
969301
16740751
6077845
1640655
3300196
13040327
3583596
10895929
7703048
1041955
14847960
6062995
1822706
11595107
3464993
4622508
7539425
3587350
2320362
313023
4339287
123652
139854
2096627
5855427
5570553
402094
5718241
113651
706077
10004456
6587429
235840
6503514
3888811
7520353
6311539
6425920
1004966
13458952
7835132
7528689
2086000
6479612
275905
1415199
1283162
1142760
885999
2428576
4969034
1180371
4410441
17897
233214
924047
7967420
6104639
3526667
1474502
3842770
2143289
4646886
2191216
14211237
396136
3210575
1953510
2796748
1568798
2747718
9417870
9586792
4361661
11999
12973832
907467
11949148
800263
2174701
1382412
5734030
2701000
1333619
172587
8090536
1665657
2735850
832104
525559
1496654
2052007
438824
40120
14588896
664488
12608506
1649634
791896
865369
12536787
4767079
1378497
6936411
1461241
3061481
3872601
10269992
13342125
8442200
4466825
3625196
3294706
1457779
15394573
10316481
6923944
3227797
1104337
3338845
4839573
434094
4158323
5049471
1597892
2557182
8307293
11365121
620968
3056642
139264
3344049
18683268
1314338
725314
403744
3244259
8820675
4473418
1163618
9337813
3470650
967126
888651
4067340
10135179
16375183
11625840
59488
2494597
694922
10269601
2305308
2218958
10000342
2450226
14450036
8312601
9581454
1027297
14849850
13417654
5434967
510380
5768830
4805581
3635581
3494695
14862706
738410
2586775
1751461
10915500
10279788
4215303
10040821
8570360
627435
5157383
1565472
3596823
8041475
3060217
6188622
4251287
2607576
2344228
1687005
1750180
2527417
14379718
137760
1510745
1119938
2211831
8711913
362063
1826409
6864472
2183286
10183691
194839
143070
1101588
1488719
2368801
9999415
6860495
13503645
2786490
2470619
6353967
3418853
7744906
3265766
3922268
5803180
9707802
1066226
110875
739194
186017
11581712
17791190
7782783
3075483
6850027
431194
9400128
1836298
11493361
213757
2350477
8560527
25223
4110708
640016
2538549
3300305
630277
1444362
13098284
35809
2206896
12819109
1430211
5462392
8038075
3972620
1048565
14229835
12659992
2409735
1284276
4658163
5802622
18591924
7825239
438216
3629011
575948
4889446
2767249
586029
1548
4542130
5053477
13141841
1468267
31188
9627080
1723678
18138039
7071642
13001391
8722921
191619
15259302
1899784
1021423
508438
344357
8323728
3043460
13831754
4878473
12411072
2811403
2659122
6205228
8857779
8867994
3126309
10143873
72059
9290480
4410672
411977
1918715
2926086
14006630
3551021
2512566
15055449
9737021
4647495
1131521
467918
17926180
3436342
3609888
1021587
1860225
11301660
977316
10282385
191299
7423384
875356
10735308
6671043
3414135
6121420
1113853
6177174
1403622
13500590
2933221
53472
5336550
9472502
7012995
2895561
160991
1369220
1491229
510696
7861021
14472964
63210
4314179
6076625
164146
702456
1467085
4176920
4439980
3111767
1208
2731136
3321003
7399
11965933
1742084
688524
11078090
8762041
3775358
1743039
2766052
2466976
4193132
10181557
3715848
486487
9804379
206025
1262072
12035050
938822
2063074
1172878
11731969
6038876
2170129
2590183
2046810
4408734
822489
6275644
11192424
16390855
3462495
1399038
3357428
5440780
983416
497799
729846
760887
84368
10793223
4183360
3035592
9773456
799012
6266614
1672401
8328241
214604
7500787
3707050
6021580
12088124
4343565
3317432
7846144
3424239
491632
5076569
3161732
2555328
3110950
6633375
8393979
5188483
18220270
13466469
7481425
730231
6978426
229124
233575
5594428
395346
7512404
6951345
11558931
10024420
701877
15103104
726101
967004
10790613
4631247
15287269
10754463
3174144
12009537
3746863
35115
1176902
1114326
6139122
8609364
592144
4684451
12353823
32768
14909743
8289473
7740597
2274987
2984392
2435713
577501
3982719
1977808
954205
12829426
1709823
6958819
3410689
1483091
1139251
234033
96968
2146880
41880
1622450
10538795
80864
878749
4596074
2168856
3905037
2726592
17291661
3874849
9167625
6385037
2393189
1385471
8424951
6528677
4590377
4070109
9410858
357559
3316150
6682074
475493
2705825
8110081
14204146
12466791
106168
3965964
7365144
949209
10142306
191800
7698406
5980560
3183756
139701
2659270
1280529
3187171
2372425
12398549
2034213
10960797
8065362
3820717
14329511
81016
3203717
98874
662202
3053587
7497105
11890518
3600804
5612361
947350
617764
7024606
7770334
2473377
2238544
1430319
1562293
718479
14376529
13690926
1387834
46654
9243217
9469710
2334270
243817
17501308
2768706
7452964
2696901
9149076
862947
730382
1460247
7003221
2365021
11649803
10184368
1180617
10011261
3562128
2447012
7308688
223129
2079536
6359366
1808227
641226
8476490
10125352
1197142
13015261
15393467
5133258
4135152
1101760
10733297
10899719
787705
48299
4634749
1758134
1716830
2915196
2092280
700120
7715817
5449625
1062890
2061560
12111014
13897885
6706813
13647985
9822017
838310
1163717
10577280
7505879
6088258
10940193
14691665
4288811
2249782
5462248
2641368
3246128
6288051
2453258
11159046
442338
3637665
5521686
16116386
5180136
1512434
7013957
4024461
4265971
11155410
7349353
2276210
3790264
6756554
16130036
747681
1539204
9278621
5690632
15234076
14689153
12176037
4187651
16576161
6861548
8657514
250962
5200402
6692268
280854
2224576
10708354
5681125
2736812
6542384
749718
8898451
2306216
13016576
1597246
12552546
14364897
1225294
2078639
1518102
2117580
39787
811832
1363
295051
2644258
3767719
2913531
4270871
1310713
1824458
2271153
25813
38772
11019371
804376
11734271
3636717
1493864
5558592
2670988
894710
6468328
2163643
6254277
13993879
216622
4664322
2749212
1336927
2708296
11006670
9398989
3711740
561509
6797233
299552
8029256
459396
18383616
5658862
54269
6423611
1049137
362416
4368522
3598947
9754415
5792437
5167963
6316048
2739550
224030
1270196
11526055
1018585
3379264
1601144
1614482
912766
454824
1659310
489671
10549612
466784
1902256
15351876
3786167
124686
6142996
2727656
298090
12366195
7590362
1188227
2499255
384329
2623098
8521038
2668663
5689266
7046436
185779
5439276
4018032
3977687
1023474
1505969
14509268
3877356
5469003
7805898
2496226
6875544
715317
390104
1520133
882192
8589943
4580986
485061
495937
6126650
373760
1950578
8531786
1091231
7960255
12188689
6073600
11605731
2752759
957236
9486596
6168460
18406559
6253488
178408
9134274
10142259
4736425
1533390
9096624
943399
10052931
4199753
2373763
3734563
10249035
218931
2224221
913822
3707905
1750504
10651739
3053090
73829
5173635
12532857
8893954
5402664
44015
1234394
2138917
2080099
13669096
2376064
1280602
1910385
1342881
5228946
1568306
603916
8080941
9179207
1131408
7496277
1775384
4341407
2107855
1850370
3975210
662661
1596807
1545498
12669877
10081473
9533541
7324005
7168593
10157473
3187917
5128344
647933
10386662
1268321
10286184
129271
376128
7364570
11223619
3094910
2001100
1531249
3271129
6448487
2253937
365835
5480416
317852
2118145
70144
78460
219744
2600248
11409687
6243364
11090825
4648538
2038721
3336312
429525
532648
3902677
412311
4635729
4740434
1024769
2537885
16627459
4201580
3561034
14431000
151216
16927618
5870545
2900321
1478049
179584
4710918
10263213
6685299
12879310
6876781
2245209
213100
1553707
3935313
9573624
5926599
13385944
16807
2576142
4385976
9787324
1657354
3774556
2116448
3507625
467608
10597410
11486535
962730
10961293
2042538
2978794
14168938
10738000
4959906
1996916
10348476
12749923
2515509
1755164
17797433
176
923776
2345029
782794
2740549
10620058
5768228
380821
261502
823757
1964556
470569
5772705
52536
9507534
5862599
3598527
5182933
12210968
245530
3152667
1432212
5763954
281506
6766829
4969655
1096666
2429155
8018174
3109111
642051
254741
279207
501061
2105955
744864
4805889
893247
5682530
3405312
7913788
4115646
839136
206183
9034843
775334
6136
4255686
16605093
7206660
2262586
2316802
4408824
6506585
3870495
6153588
4008112
439483
13135404
7212520
206512
3457884
989285
6093234
824581
12261
11014601
16049
2158569
6399743
890605
7290887
273811
642456
1476942
2000737
10157211
701592
15239617
4421184
5060018
2108497
303646
108105
1641206
9490960
5156050
2962537
6674254
404398
11391968
6735235
5985
644850
13616516
2002729
12130894
8741474
2242254
1558121
7002800
860329
2623422
10242514
1856350
8057792
13894744
737923
3347452
3148856
208713
770176
687506
14465930
396944
6199832
8194276
7298006
3808806
2290612
5966067
12824689
6330452
3248137
5445744
1913680
11356034
1205648
1553448
3038485
9321027
1093959
522770
4763575
3809118
17437869
4623977
8588455
436120
16131480
7764693
6887563
2798159
4084441
10671564
14062123
2468896
13408887
6950591
5615639
462781
4451800
1835258
5052960
286562
13544379
15653643
625857
5803933
133099
4064515
126889
2264332
9508081
3029231
1957512
1626871
12555577
4868653
688549
15332208
2765956
6606661
854794
2065989
9109580
177243
10328371
97641
7134471
6835873
2946177
9527467
7482939
65266
4372278
9128205
7724069
12530007
8223277
2194539
1934215
187568
8915182
11938046
2038506
7118880
2412567
1391738
571374
12598398
7269573
4090701
3591171
273672
4525843
6164811
4282007
1623313
1161502
2690032
379328
1061535
11900127
18550540
445026
369086
9122833
2291453
5476354
494581
435935
1961127
5522659
1731572
3087270
1713889
357612
3777012
3280513
2473164
73151
3617916
12250359
4553494
12229885
1216729
1171297
8157000
3929267
3110884
1609507
4715953
1588502
248428
5634925
1467768
1636368
3935699
11665028
811421
836336
7102234
2289408
2463231
388600
7841962
4164636
20637
9782940
1292952
1684516
86626
1635879
1024417
12277336
11313196
6626393
2666389
620634
4683835
9926827
1526678
3061990
3007401
2932134
10864579
3265549
20437
14735211
7465103
5386415
8208794
8195650
96097
7147896
8801625
7946816
741256
28295
8888581
5664489
506513
1779856
5603457
5707793
1183159
3400622
3872062
12392384
3373530
652009
12068122
7774719
2481198
2498439
7377196
3871616
5577772
4500294
6500032
664414
142702
1046305
724428
2644377
3250728
1036814
8333491
4518302
1660630
4799172
45173
8221429
6888731
2098243
3498509
370654
1165940
1780334
16382007
771854
2001744
1679596
10384240
1028120
4492951
8474487
3738757
3235645
3805319
960996
1117741
9987549
1603774
241530
2992515
8853339
11479167
5383876
8428985
22461
447221
14723953
1869022
7687049
6243170
6568737
1519650
11538864
4014949
3731364
3723258
824632
15665986
1258655
3355536
9917385
67420
6692254
547571
3486089
5275953
2286562
11781
3671476
1885540
5345297
4492973
2489552
4461748
2293988
4111346
6148463
3227908
7028092
435180
639602
2560572
517049
10235379
8211904
1005490
2871072
8794502
333545
1740088
3663577
9932077
6117153
5456653
8821023
2272837
49069
7746891
17957636
23552
836765
211519
9672600
3439726
8994283
3480385
41914
6404367
1703761
4356266
2820782
1087903
10515758
251168
45018
77980
2449565
3786637
4491060
8895418
12133851
13930568
1650654
3138699
3608845
10055855
5872700
17705206
2497154
4643698
3115139
17893077
7736625
8041436
2979871
8120274
8512537
4704549
6620476
3529452
16610469
2810306
1655359
850887
1401204
11709368
2905056
11162748
16990854
8318526
14788272
9799657
3816659
1780704
11928569
238174
9970317
1940636
1076547
437120
12095582
3262120
5151827
4090878
35719
619503
6615621
4076148
2977817
6617276
1879378
12285016
3981826
616539
8252849
3579948
2717311
386814
382642
3602015
10021146
2149616
15767881
6060031
5471561
6309604
1938211
992601
14132176
382952
2002179
1693525
12295827
3384663
2694219
442066
1250133
3026470
15005734
6619245
3594713
4875621
12455163
10080132
1621642
931697
5195000
5333165
216155
7451011
10869078
9506532
8940274
11949295
4292593
3298635
513028
5187817
605928
1069779
253715
3136487
140170
238357
8216404
690060
5784801
4555
6530386
6305449
2491611
4135456
3778059
10107362
2775751
11781217
99561
17559148
9571
6193101
2412959
1024075
3042132
5240334
108497
10817284
6102034
134488
8420991
7735867
2365736
541806
3159905
252496
136460
2884683
1027265
13628317
11680761
8031431
2696761
3668915
598612
6872113
442963
4534974
4361504
4964155
2044381
8580210
10990324
6279874
1017549
5576584
2574811
4012206
4226619
3145302
4712776
17530282
1222230
2701363
8775867
4105108
4114313
5580017
223973
10056187
6969352
2775997
2826055
16175002
3595766
5302304
3328547
833966
4819228
6251297
7162957
3180369
1989368
10850528
14170815
6254928
4553586
2267442
4319428
12140421
861726
2441824
12863
3134407
14177905
11412107
7004606
6208323
4522854
5436928
13842977
4133966
11613
14906705
11801220
4351089
63225
6136250
6970402
7849285
6939982
6100191
9809840
5729703
634926
8046076
599988
4985426
389973
2258455
1113372
10749850
6525133
16793737
2926288
6593023
1387136
4157190
5590408
9842260
2401506
7840620
696930
7646750
1793454
2637496
3215324
461659
1862422
1271617
16004350
8437291
7870976
8293102
6569323
4348983
6082369
2737053
1157781
7644692
3873062
9841964
194872
9919171
10461788
1449791
378969
920636
2009898
1774780
6252565
8515391
10599342
2397877
1704609
1791470
7860825
3160
395577
1189376
86751
6612125
2990755
7755790
10574193
838590
3217160
13054531
8196595
175768
402873
12270072
12293001
1599501
5752046
1943184
8335740
9087751
15104062
3907575
12592973
39509
6245693
10891772
1124851
4286392
15529238
806934
2715053
273670
10230826
4419808
6920928
8668366
140200
3450681
9061521
2629925
7231587
6087300
3708670
873161
4879170
1097207
14115125
13212807
16090891
5448280
7709869
379564
8302959
11051
6996109
300923
4483109
1883634
2128716
13119301
520056
771993
5307018
544832
83293
4554882
5123156
14447907
7205149
6541149
5648868
13029869
1306977
160707
38710
6042879
695451
2718171
1666405
398188
4380832
17397682
3199021
2965432
2378336
2113956
3164649
2737359
4766031
854999
1344
8246743
2668188
1678927
13695232
12223577
12262753
9931149
12458377
2456859
4676736
2439262
5694934
9788306
1039808
986070
7007958
2143240
5209901
4227283
1066687
3253247
8401916
4643776
7766576
1658933
3151229
7842675
5086929
1567429
523776
2796076
15142953
56867
4580136
12391934
197688
2649493
3257899
11899834
4015674
886871
4330912
375828
165291
1673967
5900251
2004612
1117429
923554
2452680
3485530
764416
3520935
6005720
1950400
5366222
109471
1246829
2035267
2256849
5930067
1734777
668543
13968244
205491
4026289
10534244
5353803
7470856
2911384
14222912
1497152
4289398
2365546
14957640
3585331
1672688
1466230
4116244
3055284
3655764
9215525
16547137
5510179
2237064
1260695
17463033
13084543
247488
2628159
7863893
11584557
9707062
1014507
11698801
11735499
1259842
2899152
3513917
11608299
4927643
1191888
13258868
3157941
5899850
3269445
5163172
2606716
2851951
2271633
2262548
16055775
6081936
5336301
2678595
8624112
12976660
4983001
3061000
6822610
211991
2957844
6144359
7699463
7767709
5514321
147773
7809561
1034824
3485854
11906671
10991572
569370
2828333
13292056
2263453
3404219
3176627
125832
10292128
4123352
7077645
8963491
7206234
463816
6186204
15159520
230572
126489
12344480
1056698
17123871
4798584
8549038
252446
11279995
5313892
5865517
1182303
14802361
16383441
10143855
3147579
4496404
1173337
1404345
6440400
14811785
478752
1221235
12195226
91756
6757400
6332229
640741
2915705
11308622
5698357
4940676
69238
8650772
8247376
1376123
137352
26359
5478274
8218091
4696864
1141973
9786069
842717
326957
357211
1750882
8107375
4018948
10937110
3513547
10267162
7082648
15939027
3919872
888583
2110852
7978182
7264930
5885945
4789251
174167
2061708
8777201
1109655
5314733
5422507
114274
12388307
9961966
7474547
11553045
12881332
4468978
77144
771884
2030907
5503186
4926115
860266
9704858
670374
5208124
2866688
11290130
115664
9654533
5885528
5904959
5664755
2462773
17207289
1591128
555555
13578426
2016445
3408215
4217750
4506193
12300553
5494099
8262703
3642431
1836855
1507453
252643
8262320
4325489
2015871
2251770
1912482
7122245
2180364
4207371
12184654
8533809
6543055
5214
745120
6627813
10054078
1613396
490433
683760
6594355
16430897
6203052
6161345
14384308
7925764
461470
6433712
3643221
13082635
774756
2879836
348468
10562421
2185511
16057039
9902612
355589
1734739
5011959
3091852
6735805
722268
27368
4296001
3318940
10096677
4314064
3549096
1950286
12697265
5411529
10631536
2839617
756211
4351269
2283334
15879175
2794136
3593907
323026
311721
1255612
2229122
5705016
11572958
8432391
2447053
5032364
3776407
9603354
1302369
299847
8066539
615112
6104767
16789596
3572293
5223232
12585675
9405565
1641546
3032688
5656871
136540
4230324
7652945
2846078
1095515
13023267
11668908
8995687
524723
1484567
17937045
97241
8857762
4891797
701611
5656325
43969
3214122
8304309
5146365
11926666
1943350
89643
1813044
13179087
4961583
2027117
453570
5329618
3153283
7514790
1852120
7520131
202274
2231682
4792827
2023296
356149
12512237
5274685
7033405
8237667
5473034
108433
2217292
428741
3428261
2856699
5319518
660043
2574594
213335
922566
13336025
6019854
8842883
2435059
13038571
12489498
350668
116755
556700
287708
14730471
5531322
5517744
648648
1178034
7250638
3799391
11989894
641755
1298191
242207
4356610
649633
11870589
5261928
1165741
16747172
27518
16087361
1536
13430134
1273662
538969
4417132
11727654
454000
5904648
10000065
1928962
8754159
513447
3394511
11497429
8118948
844080
5857552
10723765
824859
848277
697313
3681609
1360290
139476
2048407
7254144
16926839
1902692
3064
4212758
5597719
8626378
8828276
878649
3838410
12063451
1190280
1999908
3392308
3657681
11246131
3541143
6547576
4949362
71668
1664779
4279490
459
10082758
2113594
289822
8225564
1364123
6838909
149431
11763324
3389361
7491564
5399590
7506704
534472
2269050
418188
1951087
403952
8299549
1892001
2711728
13172341
780851
6395058
1806966
3624038
9458577
4515030
780178
1015297
6930741
251194
2036514
10989538
7769794
391312
6093492
11773501
11332265
431946
780732
4503808
6395784
5380956
232390
1188737
2498586
10117176
2085945
6756727
10152265
2040914
5411360
800452
15460045
2547827
9013761
590851
4340998
1115571
8743773
10238264
975873
10535568
14776785
567382
1027639
104631
3239551
16087
917594
13151506
2598507
1533001
6290509
128056
3427179
3185343
2680446
673424
7974470
8055746
3526967
11396691
11376247
7047975
12476
11131707
7214324
1277046
4181927
9306712
6743551
9897589
13060611
2986395
3449996
7363121
734544
2348645
1408471
1002355
8560789
6617521
7411760
145047
6108372
3150040
1685087
2630040
10902204
4554726
3253554
2735919
457699
937489
3806247
1695524
11223876
600784
13454617
13614041
457008
5979606
138405
1305148
3430776
18184327
1675438
60985
8156069
8612184
10255294
2616366
5069059
4049977
4805243
6925639
60011
2675853
9691634
2995812
5156808
6387340
1231242
6380379
1353025
13113163
10179031
2976679
6176595
4266486
1987059
5130769
77494
1075317
7149292
4047718
33660
2043794
9951800
2090884
12130977
1483458
5052896
3739249
168580
3935414
2430783
241726
1015368
5923314
3882361
128663
8797171
14069974
9378716
7792737
8890952
4974507
2333531
3323081
1908526
10225360
8626149
608895
4119480
178705
6782401
11565183
124300
5222447
2131466
332251
6348754
521239
8122841
1302537
1280243
1398690
320166
2476559
4191441
9817291
3364831
360008
104262
1612341
8705568
5758777
132106
10935282
1278627
8141261
3004263
11706971
8448261
9565546
6833676
216742
3240234
7451228
4006171
9464539
1594290
4996854
111616
10050456
3093103
5443511
665665
7502796
8056679
2179193
3346781
17419
5146649
2778070
6476234
321796
227821
1312536
5613137
1854996
95290
52739
2080821
3170140
4377448
1983169
2775201
7873696
9948871
1894426
10780256
12368377
8468320
2530050
8124015
11280246
7207869
2751193
1347273
8921593
3864631
1405858
7896900
1371193
5843008
8870540
1546286
6354164
5672212
5302387
662285
10386762
6197515
490528
6010617
12920839
3004335
1272981
847027
150615
6478364
3554138
5825371
16539162
3827095
2633885
1365019
3920088
16525953
10630374
2407033
971527
3229174
331240
11131119
3835074
5372115
6686100
4677004
11443969
5082273
19211353
9458739
16729276
8406341
2717486
37573
12858392
8695105
243916
584793
1789117
4789377
320646
9471206
1497483
5963373
4655700
1343628
2722733
1391795
401503
3112881
6270625
2934841
14315434
4701253
3468147
14122144
3847474
1391345
2219163
6639124
14072
4732938
3339907
6644412
14548385
9341365
5831715
220732
563909
8788132
1111743
2542370
901270
4339803
2650222
10914437
7861594
1924270
6288129
1547151
4201041
965420
1201579
2942193
657451
4528377
93193
2859382
1369472
6606104
3220368
5840711
5030074
3068396
11698986
8232501
14677766
2037160
2242686
4914768
3090350
6439388
5312741
1748275
1347762
1809799
4311497
4055931
2315394
1067598
4866
203059
11042383
3646536
2728987
1164349
12717010
1975835
12039656
11842209
1413705
11656355
5600725
314724
1579631
43718
12626605
5325148
3458096
4056751
4703964
6058669
5469881
129222
2629598
5442
3712717
6297148
8675184
7209649
1175811
14363268
1345465
5471638
4629290
11418954
16046560
5198928
12377292
1464
250864
381562
981700
1346769
2785255
3665304
529295
115264
4075933
487124
4940125
6072852
10111888
3413128
962680
7058191
6705226
18817
7045376
3317978
8465209
13005433
5802918
9350965
11698658
4732513
2058264
18406665
11390627
4829534
5375868
10300582
9639429
7980995
451910
16154100
1234206
6479384
11928489
336544
15486228
1539476
470968
849673
952308
5843367
3214041
802895
740133
14932490
2190339
9733431
1834595
4841105
2225476
704908
19065389
12242529
5267
2209902
2866739
353117
9443044
2183682
749592
3939727
7886434
15119825
751618
121678
12482758
1238119
174979
4946166
63091
3030960
6485617
3854322
3261689
569872
9491754
3476274
338704
2563396
7951104
181005
4510047
5926293
5020201
9190089
10924846
872356
5301654
3660004
1019639
7440504
15617598
771525
71963
7253793
2240941
2172580
10010110
10072816
1008439
1335517
2587743
5864274
2361710
3121490
3264611
760476
357186
533843
14807699
421032
1395053
9398412
1041372
273532
7451078
180841
2466112
2527192
15667408
12109479
3855466
9224323
282902
5517407
14086784
10532829
10774921
2008081
3062585
217206
9124185
18188382
3367116
3097215
6460213
14216642
1290257
11790386
2049364
3059486
8969660
1674893
5808831
2304589
4836438
6542509
234245
905108
5801126
6993549
937545
3408700
4532811
7228318
11500281
910423
9875600
3662381
11737610
3918782
2029577
12198867
941352
3803482
3081631
8840064
516579
7590381
10727728
1272076
13325975
3084326
808676
3538065
3049302
692446
14729254
763004
13724137
2503296
1080223
16608874
1658771
9761677
2360010
8246181
3797010
2799936
3403728
2627771
1496826
8650928
2775097
3399555
8746870
2497287
14082681
1079446
3044562
119518
5387955
802342
3005052
10977819
6721781
10915891
747451
8480034
11086902
2445433
3078609
2359944
2617226
3928425
9220566
807927
4467097
7107605
1960911
5402860
494848
1382012
5661549
970273
692784
2585971
922161
7623079
11636970
7457509
685524
3477021
1719244
3625552
10182915
1323840
2663683
299176
7649463
813604
3573024
430502
687617
4295615
12987507
119841
301185
130472
541291
592640
13710084
8478153
10190498
2682867
8042720
8236826
1739046
236244
487692
7484389
9437856
14248457
2604077
6232873
1300892
1947408
6671323
1927556
5289355
5175432
15209675
15628656
1250210
13957574
2510621
11594601
65898
389236
1835390
5426979
10216515
2847847
3644767
1654009
2212788
6341794
46468
597268
4629332
4288759
748725
314625
2647455
55404
9249402
3718085
1557367
1998562
4290011
382520
8647438
4542826
893077
5648435
7327963
4259508
5930736
188156
13538889
9407318
16510626
2777512
3979481
108925
538255
497033
333046
10084135
521901
983219
250695
2349779
6966027
9161127
635400
2951423
6799208
3225630
6846885
5821778
10219710
6126981
1490659
5391043
3028529
4351761
442821
11412981
1095244
5019793
10295576
7077178
327860
3247990
447362
3523432
3608708
3186775
5534990
650149
3180960
1447351
10295566
651355
708589
868504
2557194
7889570
1928197
15280347
1945285
5817076
1057375
15313303
1132287
4245984
4521603
4396335
3277751
720454
8354100
287116
4614345
995986
412096
9243146
3664363
8226576
8398848
4093090
11544039
8435079
2612493
5503028
1993696
3222859
4546585
4477394
815830
4537993
16547754
638856
7520074
1281528
1276437
14410881
284276
40873
617021
6636841
1983591
6127884
3336010
4301337
13831771
1096976
476646
50218
2694288
3713002
3655595
764235
3004388
5978757
8175383
3052367
6233224
1202271
9593740
3557771
1365825
2492557
9596266
14059180
4570679
1549145
7102329
2878622
4826373
188385
1590551
3853963
13308082
5850252
2954413
480440
5040378
1031283
7305106
18756
3217657
1954304
8626779
10739877
8460849
4027457
6373787
1358806
189652
4553137
3192503
5577442
12020932
1769438
7464591
8112289
10267350
71531
6429513
16054109
203081
2857027
223488
11348586
5787361
678413
1316246
8147244
3460076
14608707
13734890
12542741
220626
12839959
3629540
3220360
12728
8867586
652184
168824
1218818
9341607
689647
1771581
10096225
7398936
6876423
3260888
375983
17709471
101167
271298
12377794
3410551
9706262
16165121
1532771
7887161
2591118
4609638
141874
2046015
3624954
7144115
10038588
1079555
1459436
2241033
2675009
4789535
1608168
3533802
9860942
1723393
11527539
9489887
10472741
3852808
5629024
9219573
2059308
291594
9506814
1057027
2020021
1114271
1933319
177331
2381225
497249
14257869
8851051
1693913
1237247
2678620
4176895
174820
18162704
10794949
4031552
1986941
35079
2828
14253651
6641574
8892163
4902768
858228
13433668
540315
188535
1033003
4240212
8014430
7914220
65408
1851661
4999612
4306864
2283645
1468180
6070386
1165200
2273499
1515212
5756065
146349
8035325
1320435
9225089
1404602
13722133
1394321
513393
6125383
108729
6638120
2822636
1697697
468963
4369072
4824765
54083
4471264
3971368
863512
3585357
5010031
7342878
1731104
9752780
7632962
7852071
7683777
4426345
5002673
8735302
226680
4682133
8589546
4385329
13552974
1630996
908083
13773972
9974799
7794224
15412161
2626363
163761
6004497
331887
55322
7459237
7601426
1448662
4244387
8426310
3148395
4767621
1819854
3058947
3678532
2608817
1928043
3286697
2243424
3451162
367866
383061
5814162
657922
660441
1273175
1230469
4441126
1110115
4625302
7908233
5813469
3106800
3308731
1407628
4973476
2493646
2385450
4116127
1399596
6892445
6869591
2002190
8689599
5713578
5612112
3207959
7468693
3754301
4198005
3937860
4914553
6217506
6582688
474214
8449280
17651883
2821315
7793780
4634704
764084
13061721
571572
5617799
4306507
11602108
7658061
1872768
5178744
4200154
10058244
5782176
452328
2099754
557869
8570062
6709541
15294332
3040696
2061736
497923
18251502
1046655
2886992
4237736
1576913
14985536
9422457
5024527
3600904
5003208
2927269
6713428
3116881
2067267
6069571
861953
10643155
18334
9107456
6879058
9078848
242641
4553290
2495909
1068272
8476505
2264608
5017
12129799
475252
7102614
7683924
2880594
415853
2715657
5643273
7295061
5067034
6940642
8961320
6121456
1645707
6507761
2017516
5333386
2262847
159462
260145
988234
2388649
9746423
6194478
2630079
5290978
4006379
7168544
78189
86408
7946736
922908
4793650
2223071
59525
5773942
1620555
13658323
1778780
1498632
491040
562600
12486038
2316729
10751311
7019826
5377833
7541409
9138256
2934926
127911
7956120
1746414
1332263
3344799
6778298
206341
6559076
8275110
13207492
252067
200809
767278
15045032
4968013
5308857
11760004
7143919
478603
322384
388984
12280685
3724954
9329376
1596646
14648786
423367
1768581
15624093
1923076
2914597
2198310
2325338
10916815
3894368
2600650
8058443
9760149
1427634
650560
1504090
1979492
1896179
14007336
14734933
2412873
93408
1315609
4352477
418133
3158224
5405650
44858
3313807
581392
4002947
4866023
14186114
4533849
3023885
8389266
3631866
2902954
10097781
6177026
4056612
1813204
4476060
7465854
364716
14365868
2127520
827819
3146021
9423199
133164
418656
8611261
4269799
6477271
7870385
14894429
4895780
2326715
7265190
423459
2500721
63967
6783470
11364673
11733649
15059272
1393714
1805601
9099195
6266916
1870026
10060948
2081547
14555820
2341732
2631134
4089133
70596
7134865
13779681
1608382
2787426
8632368
10517869
258173
6046149
5783940
494305
289493
15655701
7161588
686962
231717
4087728
12368840
2916913
2703434
2639744
1701934
1937169
3096934
274361
1514870
1040963
7989162
2407842
5679108
7008353
8661044
11212637
6260113
7258472
12203512
1175442
12155197
2921706
88912
2771658
5942204
387476
16926649
1017372
623885
1796274
3593935
2504097
4879185
8007493
3167748
17950289
4020247
13871907
617995
487803
5716785
4620800
1305538
1246777
2732744
3448843
166772
2274581
4855627
5402288
5083401
877630
3688285
3240663
439952
7110040
310339
4339767
1238538
15569057
20980
2255680
2882101
5669
16671034
24396
1505169
925263
2905258
8757264
16074024
4121811
427361
7995515
9231823
1947116
4946614
1079700
1698507
4913291
9518547
2747806
2206214
805446
5003865
2279806
5136663
10594198
986053
6584337
231810
995957
4371753
2095333
1304926
15608013
1286885
2265437
5582829
11384105
11222347
3351125
12705001
9306301
10201177
7415397
2185432
13532346
2377927
8824411
13571940
2532720
3825838
8514389
7936305
1645251
4592365
7583094
5519283
631251
9927052
14328323
7911194
3588655
6116754
8273621
390574
8783443
9773058
4607848
2589506
9862536
6728774
15915572
5661676
1889881
5763777
14533883
3718688
1408191
13922144
2444180
221566
1698372
4376940
1248219
5977254
12399530
2515551
2830789
19053946
312215
2709318
5992265
671148
76141
8386932
5996349
2008364
6098814
8112859
3764410
54709
10717543
3202110
3386881
4049800
11421294
194481
7731730
7031346
12842568
5630148
16851713
6572389
7945264
1566783
7940643
9864284
10331993
10354595
4071529
4043029
2819368
1947420
3192208
2812096
1151290
548506
4467140
14254421
8788644
19082910
16054149
14379984
8703877
1458622
2366071
631498
554145
3422320
3739765
6193206
9739886
6508919
113792
4638308
4882669
10358226
1525870
133411
4179415
11621072
2824900
18411161
4954829
1609969
7651925
6374828
502686
2673567
4772807
7374594
1419400
8493753
6885234
5102269
6648750
742319
15820491
4905762
3025788
13490280
1084942
9393734
767133
10961325
352630
13252221
5772490
17300130
10318208
10537261
3131784
8336732
8540949
728200
2716875
1188980
1648353
173096
8913508
5027311
1912275
13784901
4650270
612744
884341
13450601
6607706
11171692
8685787
1310284
413265
6285937
2050545
6211142
201966
3196525
131292
74556
14884015
5657159
2035570
2651950
5110132
4522584
11348300
7797061
4476643
2580551
15184504
2788881
1687022
6003703
6743287
8972824
19645835
342802
1807216
23937
9149211
10047100
6467848
101381
925222
2336920
3251165
1771791
4063060
2496758
3255686
68666
5301734
563605
3227509
5212350
6446197
1475445
2674870
4702047
2702241
4887548
5525521
870376
1803960
3907397
3846842
13696406
12845440
5677350
2656371
19228
13015219
3622464
6425256
3804985
4859766
1185276
1193976
3375758
5550023
116346
12341202
3182056
9107526
3170259
6233192
11746684
1049964
4044845
531609
559901
4784297
2624824
8371500
738069
21339
1287684
16642304
1876553
3497077
2695678
960900
1012124
7305137
8899118
11780292
2399374
4370876
521939
1413555
8122116
7963565
11578210
1801631
5139564
13676075
9455361
6676450
198702
5219250
36144
577939
9098426
9117458
794739
144456
2446787
2224801
304662
9737615
1472451
128422
871374
2525609
16921192
8417874
5756633
549351
12942739
6150432
637231
6393494
823431
6022714
82452
3173638
755298
1619868
2251083
1026178
649119
226792
1831033
13050818
11037709
3896757
8370640
9455919
6437705
4743624
9416758
15680005
3421979
7243251
18181882
357289
1285945
2416787
4187962
3826266
689634
551371
8850321
4874981
4366880
3023791
198696
1278898
330169
8895991
11420617
396256
885020
5248692
3916314
6129119
8473178
426218
8378892
9701065
8673583
1405414
5823358
3173107
2086448
2514804
7462143
9116074
3290742
13548715
584067
5961726
6574891
9804044
6404106
9100344
10821317
6303506
6294968
9627875
4174480
4756905
851258
9299633
6392960
925556
1589103
4955556
4695849
10572226
2282197
107664
10718213
7350088
1896612
268509
1106594
8050841
378346
6983083
120959
2282671
10839895
2191967
2659112
251786
11708465
1034095
2146267
191549
2259552
7232035
358406
3514399
409064
396629
1506720
9467433
7280436
3462177
11238829
6613564
15301975
3389455
1538047
1492732
5952049
116920
10541197
4597409
2356636
263420
9068386
6344619
3837870
3882112
1232589
4481742
8174052
9569332
4482377
363683
10080574
9506755
3375273
3555861
3528952
366996
1189216
5088907
1711177
1005736
1189953
16426
2101496
16339142
278083
16658
12269901
7316501
9688672
11659272
6558028
8979046
12527565
17011316
2448368
2993040
114673
608811
5749246
2235266
774361
2663006
15536381
5570028
6221381
5071346
3392481
2383450
9598277
4184846
3434406
3790244
2801800
13538932
3405905
5894435
537224
18630507
36553
4949665
8054608
9544654
1229462
409396
2376268
3748811
553421
991788
974245
3254580
13380395
12775511
4725779
1556504
1556584
10635039
2850664
6098879
4031004
1842710
125911
4044503
13591274
16334121
1352581
557777
18665745
6576255
4454455
7833088
4831361
1746514
6286720
9938527
20905
21934
141744
7891954
182714
2028095
239425
6938250
1051970
15018012
2084452
5561278
911359
13548946
6615456
6293391
3107400
898845
4149282
12683951
1307796
5405672
13526196
811227
5267461
3751417
14539502
11826612
5310988
8127120
505501
7269243
16053477
2397236
45178
10330821
4066811
2005224
8182950
159645
2511603
13165369
1288184
8752567
597074
5834605
336731
1537728
1072092
2908756
1401407
696924
2171568
992677
268569
1950304
4552211
1812794
3885935
896481
152218
555406
434626
8390492
6142145
684111
3234460
12415897
2555585
1850972
2398088
2305663
2179328
8878347
2725888
4357793
1540745
11646020
120250
186224
2059614
2358381
4054478
165780
2964471
6762579
9556985
6140711
4615690
8817476
4771904
11257620
6009229
1719236
2611815
15931926
783096
1460525
2934371
497742
5268288
2390353
304861
2183474
5801935
1289961
8108550
16308129
4745104
13204962
7075175
969360
7269761
4918521
3960347
7760728
296271
2524576
17648362
2172229
2031105
229960
4223125
4397139
4053016
11265679
2454493
13630338
1886440
277361
2646772
12263556
2252611
636084
5999399
3893154
10180336
4081426
7927288
4989758
5517154
11941875
12312234
438871
3024230
527945
518461
13631681
233141
4676353
83670
4965901
6052255
6545715
2853291
15551991
13486463
11333785
314394
1721394
376621
6807618
2169924
11451656
11993086
4016823
3488099
4660499
919701
8186704
3721380
447357
3099724
4283063
14674005
11701257
4891673
4709790
1966041
131085
5040045
9102035
9553389
2320088
39182
4616217
8212502
3198653
6499849
8645112
6295635
2843242
3855843
4155488
4687078
4556556
588260
7895756
4394016
1020383
5868341
10619184
14951313
4051180
2349334
707125
2477876
61336
5264232
13738780
923644
9142501
5626949
4114072
43299
1429234
4168465
7298389
703312
12560039
3786085
702656
1379159
8504548
3431530
2220851
4958527
2804664
12202839
10573698
5866454
2049024
625103
2161117
13857144
13260424
3973358
1879416
117714
1792557
6221693
2037566
3542754
3765693
8535681
9158859
430498
4907356
4456144
3010575
11914200
2095218
482272
728896
8411303
6335476
11892136
2994987
1541068
232848
112178
833056
625870
2531782
8365356
3555829
2996847
6502120
284461
12900043
8875738
8431648
192711
881296
2297970
14073867
2784258
2542977
1009055
3828807
4060886
4871291
190030
3662647
418494
185750
2392360
708366
254264
10088671
3349935
3111295
1524016
1698336
3643125
7606014
7891419
3438826
3892305
195112
2963245
411712
11374288
7087185
3826371
819756
7298248
7811029
8133634
926784
3184011
3938918
5417255
1796105
9845200
11794442
254902
6423173
4791384
1375755
1911999
4872234
1055527
4345563
708612
2450501
15772671
157945
10109772
7495072
2033381
311579
8009621
7084897
3922909
6098625
12799737
1317899
6587113
11936621
1622961
4768260
7460753
9731058
5496799
8323601
486027
12784365
12601959
10549067
607369
458015
11669917
5055384
4429472
2867418
200565
1475587
3923337
10234851
1138426
1653632
4333606
838741
4374058
14207136
468181
571465
1646738
6428663
2985431
620565
1609349
11211760
2466166
8013164
15068701
3019357
1765561
1573300
3480562
14651262
13349643
11677130
767620
668935
5263392
2100282
1039053
1173293
5467412
9916824
2751526
7350172
10414608
134658
2787476
3654056
1489409
3117933
3004735
14022442
923536
15480382
31598
32397
254285
2680161
12417419
7254159
1208467
5367191
6432520
10142734
608897
7386462
328913
8677891
249391
9931705
1205304
798235
517195
9422749
1870437
1413604
1948176
3929281
14376317
1315655
6943405
1090388
11106544
3593920
296951
1017538
2673516
4464901
5159846
3145163
6731222
239197
6881166
3102704
13663735
937152
402064
2492041
535890
6472123
6668721
14359620
14113425
8865259
1861866
2797999
84178
9377516
1041910
45275
6464577
1363298
4459598
304512
12593602
10588004
627197
2963462
8535643
9123006
100312
5994940
14670982
1353401
1954666
2944508
2957091
1502816
816628
2962324
3668955
16627462
11127902
651505
440647
2495908
571379
5662249
6064199
7518183
4097085
752224
10034193
3750423
2285464
5924010
5458402
297972
1631097
8272660
2298826
268085
