1729
2622
3319
3355
2389
2415
1374
872
2075
383
388
139
182
625
111
759
2340
234
309
2581
482
1432
1108
3820
1818
2037
20
1422
699
320
1263
1986
1599
1711
373
534
2538
1617
2311
491
599
533
114
690
580
365
107
820
813
1020
1275
383
402
907
612
1873
1821
114
2053
1270
1260
2330
1605
1169
1915
759
1222
129
118
1363
2045
719
394
111
2493
1456
1386
1469
142
1614
521
2077
704
2379
1276
1271
1670
656
2451
3193
1362
1449
2029
1902
849
595
2279
915
3046
828
2127
2621
1640
60
534
172
1688
218
563
2581
1212
1669
3232
2368
1505
347
550
2217
1250
1423
1795
2890
345
2433
2646
708
559
1265
42
1315
2199
2991
1071
2099
31
241
1066
1946
2905
1522
505
2466
1746
398
1006
1414
2718
902
1041
2654
191
831
984
2884
102
579
2631
889
985
223
671
2501
1733
2071
1205
776
1217
2993
375
2169
1101
89
324
2245
2008
436
1922
823
1594
1758
346
571
916
1503
1264
515
81
617
2036
290
766
436
2076
449
291
376
98
1931
2624
1785
1337
950
946
1932
891
425
2591
1460
571
1363
640
2504
174
331
287
521
3513
609
1507
838
1809
1620
101
867
2975
182
1572
1952
398
3257
2647
88
2391
427
2946
50
870
1487
849
1113
1355
1206
1380
1948
642
1660
385
406
905
2715
2983
341
442
295
1543
167
1488
3051
460
616
2376
600
2950
2542
1339
463
2633
238
1052
2137
1720
3177
2299
1810
815
807
734
1550
2792
1808
696
3085
676
648
661
1093
3086
595
512
25
26
3241
239
3319
333
304
45
442
2655
1365
1021
2953
22
137
2043
893
2940
512
460
948
3003
340
3377
822
2315
1091
1414
1823
903
434
149
92
1214
670
1177
432
794
1456
1088
924
1389
3242
1215
81
920
605
2428
1170
400
877
1981
2825
1056
2236
693
87
871
406
410
2502
1508
400
1754
1784
884
2343
3119
764
417
407
2408
586
543
2128
593
981
458
319
1375
2209
1932
870
2225
3418
1391
1291
1642
1310
3003
2333
3487
3127
2405
629
636
198
993
1191
2499
913
2937
493
475
602
1375
1160
528
116
187
1848
2242
2304
1352
1376
1068
1773
1949
962
686
2651
917
213
2464
740
942
2459
1356
370
3359
355
1880
2035
2518
2457
9
2165
1547
1433
1443
1014
102
86
474
436
1108
859
219
2723
2726
827
622
592
951
901
131
3761
1068
584
842
430
171
103
752
846
1794
1020
1981
262
273
832
2500
1616
1859
100
451
3193
2228
347
35
497
2013
1473
611
746
311
1575
2697
633
989
1134
830
658
556
2820
3149
975
244
2573
1467
35
708
529
1625
691
2023
496
1206
23
1217
1344
1080
873
912
2406
422
2302
1747
3199
1546
1094
639
462
1903
1602
356
471
900
1796
66
1008
33
1400
278
586
345
2382
735
2723
582
2536
841
1126
353
367
2749
2063
3455
823
1948
1692
3210
1152
2211
466
3444
2759
1301
1893
1333
3094
1439
1708
1433
363
493
1506
371
403
759
671
1849
1425
1618
932
919
500
661
536
976
1278
2519
2847
2775
3436
2048
190
21
1604
237
1245
199
1883
2796
2309
2811
2463
1407
1097
3665
906
2676
259
419
3109
2561
2113
1829
2478
354
438
2074
2617
496
177
2092
1134
409
1653
731
1333
677
2091
3685
2220
941
2522
392
212
194
826
2834
1353
445
1170
1213
735
396
932
2928
786
1029
1230
1605
2410
1209
1390
1936
1129
109
1348
854
1426
684
2186
1802
1756
1146
1403
1840
508
1014
277
2274
642
2616
910
2123
2830
32
530
190
2685
1153
3058
1484
2128
1781
434
2818
2081
2252
2572
3412
138
585
502
3401
3351
338
1861
1281
217
1162
84
1839
153
1582
195
295
1192
2018
2198
1501
1854
2106
552
1795
2883
1046
459
214
483
3016
1404
659
368
3073
1026
2538
1829
1381
1037
2089
708
298
2791
1895
1579
1996
1135
2291
187
766
657
747
3217
3017
858
230
686
2789
2342
2897
816
34
1800
2250
822
383
1721
689
1880
193
663
83
64
2861
2271
2979
2196
379
1870
1956
509
2664
139
1959
392
618
838
239
2001
282
711
524
839
812
1170
16
899
1079
2063
2701
2401
2884
1065
1191
3046
758
195
2341
2223
2441
2063
2519
595
478
919
2616
947
1242
1857
270
2070
123
2165
1066
441
1641
839
238
2800
953
98
3737
456
1713
2058
2506
808
903
289
1560
543
754
317
1979
960
675
397
2124
1725
939
1821
35
1860
1076
84
226
2300
1183
1478
1496
1001
716
788
936
2744
3427
301
1684
2330
1012
1290
1149
1333
496
1279
1977
1789
589
960
1881
582
1953
777
1305
2313
740
688
447
172
991
2962
2360
11
893
1815
1238
705
394
142
1774
531
574
492
1407
2568
240
3011
1488
3287
1371
2690
2241
3695
2144
602
674
2450
3379
2262
283
772
2721
3149
784
3353
1963
673
274
1267
2011
1830
541
1491
2001
682
577
82
118
1413
321
2392
2791
1010
2664
31
1914
2039
1665
469
3201
2212
332
1979
1253
303
1630
1512
1647
752
3675
1531
2029
431
244
1431
1939
495
479
1194
92
842
619
18
2111
2383
614
2152
196
940
2335
2267
880
3287
639
2018
2783
2040
960
1740
233
66
1398
3476
2136
154
2753
1520
2009
1448
311
2218
1160
2067
296
329
2445
1007
1561
2611
148
2912
498
2157
50
2248
1645
1771
398
752
722
2688
1492
259
323
281
1999
