0 10
0 10
10 2
0 10
10 0
4 0
10 2
0 9
10 0
0 10
10 0
2 10
10 2
4 10
10 0
0 10
0 10
0 10
6 0
4 10
0 10
0 10
10 0
2 10
0 10
0 10
0 10
9 0
10 2
0 9
4 10
10 0
0 10
0 10
10 0
10 0
0 9
10 0
0 0
0 10
2 10
4 10
10 0
10 0
10 2
10 0
2 10
10 0
10 2
0 10
0 10
2 10
10 0
10 2
10 0
10 2
10 0
0 10
10 0
10 0
10 0
10 0
10 2
10 0
0 10
0 10
0 0
10 0
10 0
10 0
0 10
0 10
10 0
0 10
10 0
10 2
0 10
0 9
0 9
9 0
0 10
0 10
2 10
0 10
0 10
0 10
10 0
10 0
0 10
10 2
9 0
9 0
0 10
10 0
10 0
0 10
10 2
9 0
10 4
10 0
